<?xml version="1.0" encoding="UTF-8"?>
<!-- Generated by org.testng.reporters.JUnitReportReporter -->
<testsuite hostname="DESKTOP-4J7IFI2" failures="0" tests="2" name="vtiger.OrganizationsTests.CreateOrganizationWithIndustryTest" time="49.554" errors="0" timestamp="2023-08-10T11:45:36 IST" skipped="0">
  <testcase classname="vtiger.OrganizationsTests.CreateOrganizationWithIndustryTest" name="sampleTest" time="17.320"/>
  <system-out/>
  <testcase classname="vtiger.OrganizationsTests.CreateOrganizationWithIndustryTest" name="createOrgWithInsustryTest" time="32.234"/>
  <system-out/>
</testsuite> <!-- vtiger.OrganizationsTests.CreateOrganizationWithIndustryTest -->
