<?xml version="1.0" encoding="UTF-8"?>
<!-- Generated by org.testng.reporters.JUnitReportReporter -->
<testsuite hostname="DESKTOP-4J7IFI2" failures="0" tests="2" name="vtiger.ContactsTests.CreateContactWithOrganisationTest" time="131.070" errors="0" timestamp="2023-08-10T11:45:37 IST" skipped="0">
  <testcase classname="vtiger.ContactsTests.CreateContactWithOrganisationTest" name="demotest" time="23.113"/>
  <system-out/>
  <testcase classname="vtiger.ContactsTests.CreateContactWithOrganisationTest" name="createContactWithOrgTest" time="107.957"/>
  <system-out>
    <![CDATA[Org link clicked
create org look up image is clicked
Organization created
contacts link clicked
create contact look up image clicked
Contact is created]]>
  </system-out>
</testsuite> <!-- vtiger.ContactsTests.CreateContactWithOrganisationTest -->
